<?xml version="1.0" encoding="UTF-8"?>
<coverage generated="1783322145871" clover="3.2.0">
  <project timestamp="1783322145871" name="All files">
    <metrics statements="39" coveredstatements="39" conditionals="28" coveredconditionals="27" methods="13" coveredmethods="13" elements="80" coveredelements="79" complexity="0" loc="39" ncloc="39" packages="1" files="3" classes="3"/>
    <file name="equipmentLoanApi.js" path="C:\Users\290144\Documents\Cursor_Poc\resources\js\equipmentLoanApi.js">
      <metrics statements="7" coveredstatements="7" conditionals="8" coveredconditionals="8" methods="3" coveredmethods="3"/>
      <line num="3" count="1" type="stmt"/>
      <line num="9" count="3" type="stmt"/>
      <line num="10" count="3" type="cond" truecount="5" falsecount="0"/>
      <line num="11" count="1" type="stmt"/>
      <line num="13" count="3" type="stmt"/>
      <line num="20" count="3" type="stmt"/>
      <line num="33" count="2" type="stmt"/>
    </file>
    <file name="equipmentLoanView.js" path="C:\Users\290144\Documents\Cursor_Poc\resources\js\equipmentLoanView.js">
      <metrics statements="31" coveredstatements="31" conditionals="20" coveredconditionals="19" methods="9" coveredmethods="9"/>
      <line num="1" count="1" type="stmt"/>
      <line num="9" count="1" type="stmt"/>
      <line num="15" count="1" type="stmt"/>
      <line num="21" count="14" type="stmt"/>
      <line num="25" count="51" type="stmt"/>
      <line num="26" count="51" type="cond" truecount="1" falsecount="1"/>
      <line num="27" count="51" type="stmt"/>
      <line num="31" count="9" type="stmt"/>
      <line num="32" count="9" type="cond" truecount="2" falsecount="0"/>
      <line num="35" count="9" type="cond" truecount="2" falsecount="0"/>
      <line num="38" count="3" type="stmt"/>
      <line num="41" count="9" type="cond" truecount="2" falsecount="0"/>
      <line num="44" count="9" type="stmt"/>
      <line num="46" count="9" type="stmt"/>
      <line num="64" count="10" type="cond" truecount="4" falsecount="0"/>
      <line num="65" count="1" type="stmt"/>
      <line num="67" count="1" type="stmt"/>
      <line num="69" count="9" type="stmt"/>
      <line num="76" count="4" type="cond" truecount="2" falsecount="0"/>
      <line num="77" count="4" type="cond" truecount="2" falsecount="0"/>
      <line num="78" count="2" type="stmt"/>
      <line num="79" count="2" type="stmt"/>
      <line num="80" count="2" type="stmt"/>
      <line num="83" count="2" type="stmt"/>
      <line num="86" count="2" type="stmt"/>
      <line num="89" count="2" type="stmt"/>
      <line num="93" count="2" type="stmt"/>
      <line num="100" count="1" type="stmt"/>
      <line num="101" count="1" type="stmt"/>
      <line num="108" count="1" type="stmt"/>
      <line num="109" count="1" type="stmt"/>
    </file>
    <file name="sampleHelper.js" path="C:\Users\290144\Documents\Cursor_Poc\resources\js\sampleHelper.js">
      <metrics statements="1" coveredstatements="1" conditionals="0" coveredconditionals="0" methods="1" coveredmethods="1"/>
      <line num="2" count="1" type="stmt"/>
    </file>
  </project>
</coverage>
