{"C:\\Users\\290144\\Documents\\Cursor_Poc\\resources\\js\\equipmentLoanApi.js": {"path":"C:\\Users\\290144\\Documents\\Cursor_Poc\\resources\\js\\equipmentLoanApi.js","statementMap":{"0":{"start":{"line":3,"column":17},"end":{"line":3,"column":39}},"1":{"start":{"line":9,"column":19},"end":{"line":9,"column":47}},"2":{"start":{"line":10,"column":4},"end":{"line":12,"column":null}},"3":{"start":{"line":11,"column":8},"end":{"line":11,"column":null}},"4":{"start":{"line":13,"column":4},"end":{"line":13,"column":null}},"5":{"start":{"line":20,"column":4},"end":{"line":26,"column":null}},"6":{"start":{"line":33,"column":4},"end":{"line":36,"column":null}}},"fnMap":{"0":{"name":"fetchEquipmentLoans","decl":{"start":{"line":8,"column":16},"end":{"line":8,"column":35}},"loc":{"start":{"line":8,"column":61},"end":{"line":14,"column":null}},"line":8},"1":{"name":"createEquipmentLoan","decl":{"start":{"line":19,"column":16},"end":{"line":19,"column":35}},"loc":{"start":{"line":19,"column":101},"end":{"line":27,"column":null}},"line":19},"2":{"name":"updateEquipmentLoanStatus","decl":{"start":{"line":32,"column":16},"end":{"line":32,"column":41}},"loc":{"start":{"line":32,"column":70},"end":{"line":37,"column":null}},"line":32}},"branchMap":{"0":{"loc":{"start":{"line":8,"column":48},"end":{"line":8,"column":59}},"type":"default-arg","locations":[{"start":{"line":8,"column":57},"end":{"line":8,"column":59}}],"line":8},"1":{"loc":{"start":{"line":10,"column":4},"end":{"line":12,"column":null}},"type":"if","locations":[{"start":{"line":10,"column":4},"end":{"line":12,"column":null}},{"start":{},"end":{}}],"line":10},"2":{"loc":{"start":{"line":10,"column":8},"end":{"line":10,"column":64}},"type":"binary-expr","locations":[{"start":{"line":10,"column":8},"end":{"line":10,"column":23}},{"start":{"line":10,"column":27},"end":{"line":10,"column":47}},{"start":{"line":10,"column":51},"end":{"line":10,"column":64}}],"line":10},"3":{"loc":{"start":{"line":25,"column":16},"end":{"line":25,"column":28}},"type":"binary-expr","locations":[{"start":{"line":25,"column":16},"end":{"line":25,"column":22}},{"start":{"line":25,"column":26},"end":{"line":25,"column":28}}],"line":25}},"s":{"0":1,"1":3,"2":3,"3":1,"4":3,"5":3,"6":2},"f":{"0":3,"1":3,"2":2},"b":{"0":[3],"1":[1,2],"2":[3,3,3],"3":[3,2]},"meta":{"lastBranch":4,"lastFunction":3,"lastStatement":7,"seen":{"s:3:17:3:39":0,"f:8:16:8:35":0,"b:8:57:8:59":0,"s:9:19:9:47":1,"b:10:4:12:Infinity:undefined:undefined:undefined:undefined":1,"s:10:4:12:Infinity":2,"b:10:8:10:23:10:27:10:47:10:51:10:64":2,"s:11:8:11:Infinity":3,"s:13:4:13:Infinity":4,"f:19:16:19:35":1,"s:20:4:26:Infinity":5,"b:25:16:25:22:25:26:25:28":3,"f:32:16:32:41":2,"s:33:4:36:Infinity":6},"fnNames":{}}}
,"C:\\Users\\290144\\Documents\\Cursor_Poc\\resources\\js\\equipmentLoanView.js": {"path":"C:\\Users\\290144\\Documents\\Cursor_Poc\\resources\\js\\equipmentLoanView.js","statementMap":{"0":{"start":{"line":1,"column":22},"end":{"line":7,"column":1}},"1":{"start":{"line":9,"column":23},"end":{"line":13,"column":1}},"2":{"start":{"line":15,"column":30},"end":{"line":15,"column":125}},"3":{"start":{"line":21,"column":4},"end":{"line":21,"column":null}},"4":{"start":{"line":25,"column":16},"end":{"line":25,"column":45}},"5":{"start":{"line":26,"column":4},"end":{"line":26,"column":null}},"6":{"start":{"line":27,"column":4},"end":{"line":27,"column":null}},"7":{"start":{"line":31,"column":18},"end":{"line":31,"column":42}},"8":{"start":{"line":32,"column":24},"end":{"line":34,"column":12}},"9":{"start":{"line":35,"column":26},"end":{"line":40,"column":12}},"10":{"start":{"line":38,"column":18},"end":{"line":38,"column":233}},"11":{"start":{"line":41,"column":32},"end":{"line":43,"column":12}},"12":{"start":{"line":44,"column":20},"end":{"line":44,"column":82}},"13":{"start":{"line":46,"column":4},"end":{"line":57,"column":null}},"14":{"start":{"line":64,"column":4},"end":{"line":68,"column":null}},"15":{"start":{"line":65,"column":8},"end":{"line":66,"column":null}},"16":{"start":{"line":67,"column":8},"end":{"line":67,"column":null}},"17":{"start":{"line":69,"column":4},"end":{"line":69,"column":null}},"18":{"start":{"line":76,"column":18},"end":{"line":76,"column":44}},"19":{"start":{"line":77,"column":4},"end":{"line":81,"column":null}},"20":{"start":{"line":78,"column":8},"end":{"line":78,"column":null}},"21":{"start":{"line":79,"column":8},"end":{"line":79,"column":null}},"22":{"start":{"line":80,"column":8},"end":{"line":80,"column":null}},"23":{"start":{"line":83,"column":20},"end":{"line":88,"column":17}},"24":{"start":{"line":86,"column":16},"end":{"line":86,"column":133}},"25":{"start":{"line":89,"column":4},"end":{"line":92,"column":null}},"26":{"start":{"line":93,"column":4},"end":{"line":93,"column":null}},"27":{"start":{"line":100,"column":4},"end":{"line":100,"column":null}},"28":{"start":{"line":101,"column":4},"end":{"line":101,"column":null}},"29":{"start":{"line":108,"column":4},"end":{"line":108,"column":null}},"30":{"start":{"line":109,"column":4},"end":{"line":109,"column":null}}},"fnMap":{"0":{"name":"statusBadge","decl":{"start":{"line":20,"column":16},"end":{"line":20,"column":27}},"loc":{"start":{"line":20,"column":36},"end":{"line":22,"column":null}},"line":20},"1":{"name":"escapeHtml","decl":{"start":{"line":24,"column":9},"end":{"line":24,"column":19}},"loc":{"start":{"line":24,"column":27},"end":{"line":28,"column":null}},"line":24},"2":{"name":"renderRow","decl":{"start":{"line":30,"column":9},"end":{"line":30,"column":18}},"loc":{"start":{"line":30,"column":25},"end":{"line":58,"column":null}},"line":30},"3":{"name":"(anonymous_3)","decl":{"start":{"line":37,"column":14},"end":{"line":37,"column":15}},"loc":{"start":{"line":38,"column":18},"end":{"line":38,"column":233}},"line":38},"4":{"name":"renderLoanTable","decl":{"start":{"line":63,"column":16},"end":{"line":63,"column":31}},"loc":{"start":{"line":63,"column":46},"end":{"line":70,"column":null}},"line":63},"5":{"name":"renderOverdueAlert","decl":{"start":{"line":75,"column":16},"end":{"line":75,"column":34}},"loc":{"start":{"line":75,"column":65},"end":{"line":94,"column":null}},"line":75},"6":{"name":"(anonymous_6)","decl":{"start":{"line":85,"column":12},"end":{"line":85,"column":13}},"loc":{"start":{"line":86,"column":16},"end":{"line":86,"column":133}},"line":86},"7":{"name":"showError","decl":{"start":{"line":99,"column":16},"end":{"line":99,"column":25}},"loc":{"start":{"line":99,"column":49},"end":{"line":102,"column":null}},"line":99},"8":{"name":"clearError","decl":{"start":{"line":107,"column":16},"end":{"line":107,"column":26}},"loc":{"start":{"line":107,"column":41},"end":{"line":110,"column":null}},"line":107}},"branchMap":{"0":{"loc":{"start":{"line":26,"column":22},"end":{"line":26,"column":33}},"type":"binary-expr","locations":[{"start":{"line":26,"column":22},"end":{"line":26,"column":27}},{"start":{"line":26,"column":31},"end":{"line":26,"column":33}}],"line":26},"1":{"loc":{"start":{"line":32,"column":24},"end":{"line":34,"column":12}},"type":"cond-expr","locations":[{"start":{"line":33,"column":10},"end":{"line":33,"column":null}},{"start":{"line":34,"column":10},"end":{"line":34,"column":12}}],"line":32},"2":{"loc":{"start":{"line":35,"column":26},"end":{"line":40,"column":12}},"type":"cond-expr","locations":[{"start":{"line":36,"column":10},"end":{"line":39,"column":null}},{"start":{"line":40,"column":10},"end":{"line":40,"column":12}}],"line":35},"3":{"loc":{"start":{"line":41,"column":32},"end":{"line":43,"column":12}},"type":"cond-expr","locations":[{"start":{"line":42,"column":10},"end":{"line":42,"column":null}},{"start":{"line":43,"column":10},"end":{"line":43,"column":12}}],"line":41},"4":{"loc":{"start":{"line":47,"column":79},"end":{"line":47,"column":113}},"type":"cond-expr","locations":[{"start":{"line":47,"column":97},"end":{"line":47,"column":108}},{"start":{"line":47,"column":111},"end":{"line":47,"column":113}}],"line":47},"5":{"loc":{"start":{"line":54,"column":47},"end":{"line":54,"column":64}},"type":"binary-expr","locations":[{"start":{"line":54,"column":47},"end":{"line":54,"column":58}},{"start":{"line":54,"column":62},"end":{"line":54,"column":64}}],"line":54},"6":{"loc":{"start":{"line":64,"column":4},"end":{"line":68,"column":null}},"type":"if","locations":[{"start":{"line":64,"column":4},"end":{"line":68,"column":null}},{"start":{},"end":{}}],"line":64},"7":{"loc":{"start":{"line":64,"column":8},"end":{"line":64,"column":36}},"type":"binary-expr","locations":[{"start":{"line":64,"column":8},"end":{"line":64,"column":14}},{"start":{"line":64,"column":18},"end":{"line":64,"column":36}}],"line":64},"8":{"loc":{"start":{"line":76,"column":18},"end":{"line":76,"column":44}},"type":"binary-expr","locations":[{"start":{"line":76,"column":18},"end":{"line":76,"column":39}},{"start":{"line":76,"column":43},"end":{"line":76,"column":44}}],"line":76},"9":{"loc":{"start":{"line":77,"column":4},"end":{"line":81,"column":null}},"type":"if","locations":[{"start":{"line":77,"column":4},"end":{"line":81,"column":null}},{"start":{},"end":{}}],"line":77}},"s":{"0":1,"1":1,"2":1,"3":14,"4":51,"5":51,"6":51,"7":9,"8":9,"9":9,"10":3,"11":9,"12":9,"13":9,"14":10,"15":1,"16":1,"17":9,"18":4,"19":4,"20":2,"21":2,"22":2,"23":2,"24":2,"25":2,"26":2,"27":1,"28":1,"29":1,"30":1},"f":{"0":14,"1":51,"2":9,"3":3,"4":10,"5":4,"6":2,"7":1,"8":1},"b":{"0":[51,0],"1":[1,8],"2":[1,8],"3":[1,8],"4":[1,8],"5":[9,1],"6":[1,9],"7":[10,10],"8":[4,1],"9":[2,2]},"meta":{"lastBranch":10,"lastFunction":9,"lastStatement":31,"seen":{"s:1:22:7:1":0,"s:9:23:13:1":1,"s:15:30:15:125":2,"f:20:16:20:27":0,"s:21:4:21:Infinity":3,"f:24:9:24:19":1,"s:25:16:25:45":4,"s:26:4:26:Infinity":5,"b:26:22:26:27:26:31:26:33":0,"s:27:4:27:Infinity":6,"f:30:9:30:18":2,"s:31:18:31:42":7,"s:32:24:34:12":8,"b:33:10:33:Infinity:34:10:34:12":1,"s:35:26:40:12":9,"b:36:10:39:Infinity:40:10:40:12":2,"f:37:14:37:15":3,"s:38:18:38:233":10,"s:41:32:43:12":11,"b:42:10:42:Infinity:43:10:43:12":3,"s:44:20:44:82":12,"s:46:4:57:Infinity":13,"b:47:97:47:108:47:111:47:113":4,"b:54:47:54:58:54:62:54:64":5,"f:63:16:63:31":4,"b:64:4:68:Infinity:undefined:undefined:undefined:undefined":6,"s:64:4:68:Infinity":14,"b:64:8:64:14:64:18:64:36":7,"s:65:8:66:Infinity":15,"s:67:8:67:Infinity":16,"s:69:4:69:Infinity":17,"f:75:16:75:34":5,"s:76:18:76:44":18,"b:76:18:76:39:76:43:76:44":8,"b:77:4:81:Infinity:undefined:undefined:undefined:undefined":9,"s:77:4:81:Infinity":19,"s:78:8:78:Infinity":20,"s:79:8:79:Infinity":21,"s:80:8:80:Infinity":22,"s:83:20:88:17":23,"f:85:12:85:13":6,"s:86:16:86:133":24,"s:89:4:92:Infinity":25,"s:93:4:93:Infinity":26,"f:99:16:99:25":7,"s:100:4:100:Infinity":27,"s:101:4:101:Infinity":28,"f:107:16:107:26":8,"s:108:4:108:Infinity":29,"s:109:4:109:Infinity":30},"fnNames":{}}}
,"C:\\Users\\290144\\Documents\\Cursor_Poc\\resources\\js\\sampleHelper.js": {"path":"C:\\Users\\290144\\Documents\\Cursor_Poc\\resources\\js\\sampleHelper.js","statementMap":{"0":{"start":{"line":2,"column":2},"end":{"line":2,"column":null}}},"fnMap":{"0":{"name":"sampleHelper","decl":{"start":{"line":1,"column":16},"end":{"line":1,"column":28}},"loc":{"start":{"line":1,"column":31},"end":{"line":3,"column":null}},"line":1}},"branchMap":{},"s":{"0":1},"f":{"0":1},"b":{},"meta":{"lastBranch":0,"lastFunction":1,"lastStatement":1,"seen":{"f:1:16:1:28":0,"s:2:2:2:Infinity":0},"fnNames":{}}}
}
